[20:01:03] [main/INFO]: Environment: authHost='https://authserver.mojang.com', accountsHost='https://api.mojang.com', sessionHost='https://sessionserver.mojang.com', servicesHost='https://api.minecraftservices.com', name='PROD'
[20:01:04] [main/WARN]: Ambiguity between arguments [teleport, location] and [teleport, destination] with inputs: [0.1 -0.5 .9, 0 0 0]
[20:01:04] [main/WARN]: Ambiguity between arguments [teleport, location] and [teleport, targets] with inputs: [0.1 -0.5 .9, 0 0 0]
[20:01:04] [main/WARN]: Ambiguity between arguments [teleport, destination] and [teleport, targets] with inputs: [Player, 0123, @e, dd12be42-52a9-4a91-a8a1-11c01849e498]
[20:01:04] [main/WARN]: Ambiguity between arguments [teleport, targets] and [teleport, destination] with inputs: [Player, 0123, dd12be42-52a9-4a91-a8a1-11c01849e498]
[20:01:04] [main/WARN]: Ambiguity between arguments [teleport, targets, location] and [teleport, targets, destination] with inputs: [0.1 -0.5 .9, 0 0 0]
[20:01:04] [main/INFO]: Reloading ResourceManager: Default, bukkit
[20:01:05] [Worker-Main-4/INFO]: Loaded 7 recipes
[20:01:06] [Worker-Main-4/INFO]: Loaded 1137 advancements
[20:01:07] [Server thread/INFO]: Starting minecraft server version 1.17.1
[20:01:07] [Server thread/INFO]: Loading properties
[20:01:07] [Server thread/INFO]: Default game type: SURVIVAL
[20:01:07] [Server thread/INFO]: Generating keypair
[20:01:08] [Server thread/INFO]: Starting Minecraft server on *:25565
[20:01:08] [Server thread/INFO]: Using epoll channel type
[20:01:08] [Server thread/WARN]: **** SERVER IS RUNNING IN OFFLINE/INSECURE MODE!
[20:01:08] [Server thread/WARN]: The server will make no attempt to authenticate usernames. Beware.
[20:01:08] [Server thread/WARN]: While this makes the game possible to play without internet access, it also opens up the ability for hackers to connect with any username they choose.
[20:01:08] [Server thread/WARN]: To change this, set "online-mode" to "true" in the server.properties file.
[20:01:08] [Server thread/INFO]: Preparing level "world"
[20:01:08] [Server thread/INFO]: Preparing start region for dimension minecraft:overworld
[20:01:09] [Worker-Main-5/INFO]: Preparing spawn area: 0%
[20:01:09] [Worker-Main-5/INFO]: Preparing spawn area: 0%
[20:01:09] [Worker-Main-5/INFO]: Preparing spawn area: 0%
[20:01:10] [Worker-Main-4/INFO]: Preparing spawn area: 0%
[20:01:10] [Worker-Main-4/INFO]: Preparing spawn area: 0%
[20:01:11] [Worker-Main-5/INFO]: Preparing spawn area: 0%
[20:01:11] [Worker-Main-5/INFO]: Preparing spawn area: 0%
[20:01:12] [Worker-Main-4/INFO]: Preparing spawn area: 4%
[20:01:16] [Worker-Main-5/INFO]: Preparing spawn area: 4%
[20:01:16] [Worker-Main-5/INFO]: Preparing spawn area: 4%
[20:01:16] [Worker-Main-6/INFO]: Preparing spawn area: 4%
[20:01:16] [Worker-Main-6/INFO]: Preparing spawn area: 4%
[20:01:16] [Worker-Main-6/INFO]: Preparing spawn area: 4%
[20:01:16] [Worker-Main-4/INFO]: Preparing spawn area: 4%
[20:01:16] [Worker-Main-4/INFO]: Preparing spawn area: 4%
[20:01:16] [Worker-Main-4/INFO]: Preparing spawn area: 4%
[20:01:16] [Worker-Main-4/INFO]: Preparing spawn area: 4%
[20:01:17] [Worker-Main-4/INFO]: Preparing spawn area: 7%
[20:01:17] [Worker-Main-5/INFO]: Preparing spawn area: 91%
[20:01:17] [Server thread/INFO]: Time elapsed: 9161 ms
[20:01:17] [Server thread/INFO]: Done (9.298s)! For help, type "help"
[20:01:19] [Server thread/INFO]: Khot[/[0:0:0:0:0:0:0:1%0]:57412] logged in with entity id 228 at (-208.69999998807907, 65.0, 909.2557400456272)
[20:01:19] [Server thread/INFO]: Khot joined the game
[20:01:20] [Server thread/WARN]: Can't keep up! Is the server overloaded? Running 2251ms or 45 ticks behind
[20:01:36] [Server thread/INFO]: [Khot: Teleported Khot to -1815.500000, 65.000000, 1000.500000]
[20:01:41] [Server thread/WARN]: Can't keep up! Is the server overloaded? Running 2023ms or 40 ticks behind
[20:01:46] [Server thread/WARN]: Khot moved too quickly! -0.023735240641144628,-3.9897885820155707,-9.77253673209384
[20:02:10] [Server thread/WARN]: Khot moved too quickly! 1967.324160183948,6.274116431667238,-1001.8547856682958
[20:03:52] [Server thread/INFO]: [Khot: Applied effect Strength to Khot]
[20:04:03] [Server thread/INFO]: [Khot: Set own game mode to Survival Mode]
[20:04:53] [Server thread/INFO]: [Khot: Set own game mode to Creative Mode]
[20:07:08] [Server thread/INFO]: [Khot: Set own game mode to Survival Mode]
[20:08:24] [Server thread/INFO]: [Khot: Set own game mode to Creative Mode]
[20:14:20] [Server thread/INFO]: [Khot: Set own game mode to Survival Mode]
[20:17:24] [Server thread/INFO]: [Khot: The difficulty has been set to Hard]
[20:19:08] [Server thread/WARN]: Mismatch in destroy block pos: gg{x=-260, y=65, z=886} gg{x=-259, y=65, z=885}
[20:20:53] [Server thread/INFO]: [Khot: Set own game mode to Creative Mode]
